0 info it worked if it ends with ok
1 verbose cli [ '/private/var/folders/5w/wq_ty7ps5d9d7314bf1h5r2h0000gn/T/AppTranslocation/F0B55AB0-02FD-4AD1-9635-F154A139C198/d/Monaca Localkit-2.app/Contents/Resources/node/bin/node',
1 verbose cli   '/Users/arimurayuuki/Desktop/challecara/node_modules/.bin/npm',
1 verbose cli   'run',
1 verbose cli   'watch' ]
2 info using npm@2.15.12
3 info using node@v8.12.0
4 warn invalid config loglevel="notice"
5 verbose run-script [ 'prewatch', 'watch', 'postwatch' ]
6 info prewatch onsenui-v2-angular2-splitter@3.0.0
7 info watch onsenui-v2-angular2-splitter@3.0.0
8 verbose unsafe-perm in lifecycle true
9 info onsenui-v2-angular2-splitter@3.0.0 Failed to exec watch script
10 verbose stack Error: onsenui-v2-angular2-splitter@3.0.0 watch: `webpack --watch --mode production`
10 verbose stack Exit status 1
10 verbose stack     at EventEmitter.<anonymous> (/Users/arimurayuuki/Desktop/challecara/node_modules/npm/lib/utils/lifecycle.js:217:16)
10 verbose stack     at emitTwo (events.js:126:13)
10 verbose stack     at EventEmitter.emit (events.js:214:7)
10 verbose stack     at ChildProcess.<anonymous> (/Users/arimurayuuki/Desktop/challecara/node_modules/npm/lib/utils/spawn.js:24:14)
10 verbose stack     at emitTwo (events.js:126:13)
10 verbose stack     at ChildProcess.emit (events.js:214:7)
10 verbose stack     at maybeClose (internal/child_process.js:915:16)
10 verbose stack     at Process.ChildProcess._handle.onexit (internal/child_process.js:209:5)
11 verbose pkgid onsenui-v2-angular2-splitter@3.0.0
12 verbose cwd /Users/arimurayuuki/Desktop/challecara
13 error Darwin 18.0.0
14 error argv "/private/var/folders/5w/wq_ty7ps5d9d7314bf1h5r2h0000gn/T/AppTranslocation/F0B55AB0-02FD-4AD1-9635-F154A139C198/d/Monaca Localkit-2.app/Contents/Resources/node/bin/node" "/Users/arimurayuuki/Desktop/challecara/node_modules/.bin/npm" "run" "watch"
15 error node v8.12.0
16 error npm  v2.15.12
17 error code ELIFECYCLE
18 error onsenui-v2-angular2-splitter@3.0.0 watch: `webpack --watch --mode production`
18 error Exit status 1
19 error Failed at the onsenui-v2-angular2-splitter@3.0.0 watch script 'webpack --watch --mode production'.
19 error This is most likely a problem with the onsenui-v2-angular2-splitter package,
19 error not with npm itself.
19 error Tell the author that this fails on your system:
19 error     webpack --watch --mode production
19 error You can get information on how to open an issue for this project with:
19 error     npm bugs onsenui-v2-angular2-splitter
19 error Or if that isn't available, you can get their info via:
19 error
19 error     npm owner ls onsenui-v2-angular2-splitter
19 error There is likely additional logging output above.
20 verbose exit [ 1, true ]
